TN:
SF:/Users/appleair/Desktop/Projects/cruise-ships/src/Itinerary.js
FN:1,Itinerary
FNF:1
FNH:1
FNDA:5,Itinerary
DA:2,5
DA:5,1
LF:2
LH:2
BRF:0
BRH:0
end_of_record
TN:
SF:/Users/appleair/Desktop/Projects/cruise-ships/src/Port.js
FN:1,Port
FN:6,(anonymous_1)
FN:10,(anonymous_2)
FNF:3
FNH:3
FNDA:15,Port
FNDA:9,(anonymous_1)
FNDA:3,(anonymous_2)
DA:2,15
DA:3,15
DA:6,2
DA:7,9
DA:10,2
DA:11,3
DA:12,3
DA:15,2
LF:8
LH:8
BRF:0
BRH:0
end_of_record
TN:
SF:/Users/appleair/Desktop/Projects/cruise-ships/src/Ship.js
FN:1,Ship
FN:8,(anonymous_1)
FN:17,(anonymous_2)
FNF:3
FNH:3
FNDA:5,Ship
FNDA:2,(anonymous_1)
FNDA:1,(anonymous_2)
DA:2,5
DA:3,5
DA:4,5
DA:5,5
DA:8,1
DA:11,2
DA:12,2
DA:13,2
DA:14,2
DA:17,1
DA:18,1
DA:19,1
DA:21,1
DA:22,1
DA:25,1
LF:15
LH:15
BRF:0
BRH:0
end_of_record
